********************************************************************************
DUPLICATOR-LITE PACKAGE-LOG: March 10, 2019 9:51 am
NOTICE: Do NOT post to public sites or forums 
********************************************************************************
VERSION:	1.3.8
WORDPRESS:	5.0.3
PHP INFO:	7.0.32-0ubuntu0.16.04.1 | SAPI: apache2handler
SERVER:		Apache/2.4.18 (Ubuntu) 
PHP TIME LIMIT: (0) no time limit imposed 
PHP MAX MEMORY: 4294967296 (128M default) 
MEMORY STACK: 2MB 

********************************************************************************
DATABASE:
********************************************************************************
BUILD MODE:   MYSQLDUMP
MYSQLTIMEOUT: 5000
MYSQLDUMP:    Is Supported 
SQL CREATED: 20190307_ecohostelchile_dfe5c7f4040191274062_20190310095127_database.sql 
SQL FILE SIZE: 7.29MB (7639666) 
SQL FILE TIME: 2019-03-10 09:51:35 
SQL RUNTIME: 0.56 sec. 

******************************************************************************** 
ARCHIVE (ZIP): 
******************************************************************************** 
ARCHIVE DIR:  /var/www/html/Hostel 
ARCHIVE FILE: 20190307_ecohostelchile_dfe5c7f4040191274062_20190310095127_archive.zip 
FILTERS: *OFF* 
DIRS:
	not set 
FILES:
	not set 
EXTS:  not set 
---------------------------------------- 
COMPRESSING 
SIZE:	159.01MB 
STATS:	Dirs 1,286 | Files 8,866 
SQL ADDED: 20190307_ecohostelchile_dfe5c7f4040191274062_20190310095127_database.sql 
ZipArchive Object
(
    [status] => 0
    [statusSys] => 0
    [numFiles] => 10152
    [filename] => /var/www/html/Hostel/wp-snapshots/tmp/20190307_ecohostelchile_dfe5c7f4040191274062_20190310095127_archive.zip
    [comment] => 
)
 
FILE ADDED TO ZIP: 10151 
COMPRESSION RESULT: '1' 
COMPRESSED SIZE: 77.06MB 
ARCHIVE RUNTIME: 34.59 sec. 
MEMORY STACK: 4MB 
building installer 
add_extra_files1 
add_extra_files2 
add_extra_files3 
add_extra_files4 
Doing archive file check 
add_extra_files5 
add_extra_files6 
add_extra_files8 
Successfully opened zip /var/www/html/Hostel/wp-snapshots/tmp/20190307_ecohostelchile_dfe5c7f4040191274062_20190310095127_archive.zip 
Adding enhanced installer files to archive using ZipArchive 
Installer files added to archive 
Added to archive 
After ziparchive close when adding installer 

******************************************************************************** 
INTEGRITY CHECKS: 
******************************************************************************** 
SQL FILE: 7.29MB 
INSTALLER FILE: 44.54KB 
ARCHIVE FILE: 77.95MB  
EXPECTED FILE/DIRECTORY COUNT: 10,152 
ACTUAL FILE/DIRECTORY COUNT: 10,151 
ARCHIVE CONSISTENCY TEST: Pass 

********************************************************************************
RECORD ID:[2]
TOTAL PROCESS RUNTIME: 39.36 sec.
PEAK PHP MEMORY USED: 6MB
DONE PROCESSING => 20190307_ecohostelchile March 10, 2019 9:52 am
 
